Arguments: 
  C:\Program Files\nodejs\node.exe C:\Users\MUFLIH\AppData\Local\node\corepack\yarn\1.22.19\bin\yarn.js init

PATH: 
  C:\Users\MUFLIH\bin;C:\Program Files\Git\mingw64\bin;C:\Program Files\Git\usr\local\bin;C:\Program Files\Git\usr\bin;C:\Program Files\Git\usr\bin;C:\Program Files\Git\mingw64\bin;C:\Program Files\Git\usr\bin;C:\Users\MUFLIH\bin;C:\Program Files\Common Files\Oracle\Java\javapath;C:\Program Files (x86)\Common Files\Intel\Shared Libraries\redist\intel64\compiler;C:\oraclexe\app\oracle\product\10.2.0\server\bin;C:\Program Files (x86)\Common Files\Oracle\Java\javapath;C:\Windows\system32;C:\Windows;C:\Windows\System32\Wbem;C:\Windows\System32\WindowsPowerShell\v1.0;C:\Windows\System32\OpenSSH;C:\Program Files (x86)\NVIDIA Corporation\PhysX\Common;C:\Users\MUFLIH\AppData\Roaming\Python\Python310\Scripts;C:\Program Files\mingw-w64\x86_64-8.1.0-posix-seh-rt_v6-rev0\mingw64\bin;C:\Program Files\CMake\bin;C:\Users\MUFLIH\AppData\Local\Programs\Python\Python310\Scripts;C:\Users\MUFLIH\AppData\Local\Programs\Python\Python310;C:\Users\MUFLIH\AppData\Local\Microsoft\WindowsApps;C:\Users\MUFLIH\AppData\Local\Programs\Microsoft VS Code\bin;C:\adb;C:\WINDOWS\system32;C:\WINDOWS;C:\WINDOWS\System32\Wbem;C:\WINDOWS\System32\WindowsPowerShell\v1.0;C:\WINDOWS\System32\OpenSSH;C:\Program Files\NVIDIA Corporation\NVIDIA NvDLISR;C:\Strawberry\c\bin;C:\Strawberry\perl\site\bin;C:\Strawberry\perl\bin;C:\Program Files\Process Lasso;C:\xampp\php;C:\ProgramData\ComposerSetup\bin;C:\Program Files\nodejs;C:\Program Files\dotnet;C:\Program Files\Git\cmd;C:\Users\MUFLIH\AppData\Local\GitHubDesktop\bin;C:\Users\MUFLIH\AppData\Roaming\Composer\vendor\bin;C:\Users\MUFLIH\AppData\Roaming\npm;C:\Users\MUFLIH\AppData\Local\spicetify;C:\Program Files\Git\usr\bin\vendor_perl;C:\Program Files\Git\usr\bin\core_perl

Yarn version: 
  1.22.19

Node version: 
  16.15.0

Platform: 
  win32 x64

Trace: 
  Error: Can't answer a question unless a user TTY
      at ConsoleReporter.question (C:\Users\MUFLIH\AppData\Local\node\corepack\yarn\1.22.19\lib\cli.js:92864:59)
      at Object.<anonymous> (C:\Users\MUFLIH\AppData\Local\node\corepack\yarn\1.22.19\lib\cli.js:85054:38)
      at Generator.next (<anonymous>)
      at step (C:\Users\MUFLIH\AppData\Local\node\corepack\yarn\1.22.19\lib\cli.js:310:30)
      at C:\Users\MUFLIH\AppData\Local\node\corepack\yarn\1.22.19\lib\cli.js:321:13
      at processTicksAndRejections (node:internal/process/task_queues:96:5)

npm manifest: 
  No manifest

yarn manifest: 
  No manifest

Lockfile: 
  # THIS IS AN AUTOGENERATED FILE. DO NOT EDIT THIS FILE DIRECTLY.
  # yarn lockfile v1
